<html>
<head>
<title>TestNG:  ReportNGtest1</title>
<link href="../testng.css" rel="stylesheet" type="text/css" />
<link href="../my-testng.css" rel="stylesheet" type="text/css" />

<style type="text/css">
.log { display: none;} 
.stack-trace { display: none;} 
</style>
<script type="text/javascript">
<!--
function flip(e) {
  current = e.style.display;
  if (current == 'block') {
    e.style.display = 'none';
    return 0;
  }
  else {
    e.style.display = 'block';
    return 1;
  }
}

function toggleBox(szDivId, elem, msg1, msg2)
{
  var res = -1;  if (document.getElementById) {
    res = flip(document.getElementById(szDivId));
  }
  else if (document.all) {
    // this is the way old msie versions work
    res = flip(document.all[szDivId]);
  }
  if(elem) {
    if(res == 0) elem.innerHTML = msg1; else elem.innerHTML = msg2;
  }

}

function toggleAllBoxes() {
  if (document.getElementsByTagName) {
    d = document.getElementsByTagName('div');
    for (i = 0; i < d.length; i++) {
      if (d[i].className == 'log') {
        flip(d[i]);
      }
    }
  }
}

// -->
</script>

</head>
<body>
<h2 align='center'>ReportNGtest1</h2><table border='1' align="center">
<tr>
<td>Tests passed/Failed/Skipped:</td><td>41/3/0</td>
</tr><tr>
<td>Started on:</td><td>Mon Dec 31 11:59:49 PST 2018</td>
</tr>
<tr><td>Total time:</td><td>298 seconds (298735 ms)</td>
</tr><tr>
<td>Included groups:</td><td></td>
</tr><tr>
<td>Excluded groups:</td><td></td>
</tr>
</table><p/>
<small><i>(Hover the method name to see the test class name)</i></small><p/>
<table width='100%' border='1' class='invocation-failed'>
<tr><td colspan='4' align='center'><b>FAILED TESTS</b></td></tr>
<tr><td><b>Test method</b></td>
<td width="30%"><b>Exception</b></td>
<td width="10%"><b>Time (seconds)</b></td>
<td><b>Instance</b></td>
</tr>
<tr>
<td title='com.Catalog.qa.testcases.LoginTestcase.testcase01()'><b>testcase01</b><br>Test class: com.Catalog.qa.testcases.LoginTestcase<br>Parameters: ecalix, test123</td>
<td><div><pre>java.lang.AssertionError: expected [Welcome, Please Sign In] but found [Welcome to iBusiness]
	at com.Catalog.qa.pages.Homepage.verifyHeader(Homepage.java:51)
	at com.Catalog.qa.testcases.LoginTestcase.testcase01(LoginTestcase.java:48)
... Removed 31 stack frames</pre></div><a href='#' onClick='toggleBox("stack-trace2029754983", this, "Click to show all stack frames", "Click to hide stack frames")'>Click to show all stack frames</a>
<div class='stack-trace' id='stack-trace2029754983'><pre>java.lang.AssertionError: expected [Welcome, Please Sign In] but found [Welcome to iBusiness]
	at org.testng.Assert.fail(Assert.java:96)
	at org.testng.Assert.failNotEquals(Assert.java:776)
	at org.testng.Assert.assertEqualsImpl(Assert.java:137)
	at org.testng.Assert.assertEquals(Assert.java:118)
	at org.testng.Assert.assertEquals(Assert.java:453)
	at org.testng.Assert.assertEquals(Assert.java:463)
	at com.Catalog.qa.pages.Homepage.verifyHeader(Homepage.java:51)
	at com.Catalog.qa.testcases.LoginTestcase.testcase01(LoginTestcase.java:48)
	at sun.reflect.NativeMethodAccessorImpl.invoke0(Native Method)
	at sun.reflect.NativeMethodAccessorImpl.invoke(NativeMethodAccessorImpl.java:62)
	at sun.reflect.DelegatingMethodAccessorImpl.invoke(DelegatingMethodAccessorImpl.java:43)
	at java.lang.reflect.Method.invoke(Method.java:498)
	at org.testng.internal.MethodInvocationHelper.invokeMethod(MethodInvocationHelper.java:124)
	at org.testng.internal.Invoker.invokeMethod(Invoker.java:580)
	at org.testng.internal.Invoker.invokeTestMethod(Invoker.java:716)
	at org.testng.internal.Invoker.invokeTestMethods(Invoker.java:988)
	at org.testng.internal.TestMethodWorker.invokeTestMethods(TestMethodWorker.java:125)
	at org.testng.internal.TestMethodWorker.run(TestMethodWorker.java:109)
	at org.testng.TestRunner.privateRun(TestRunner.java:648)
	at org.testng.TestRunner.run(TestRunner.java:505)
	at org.testng.SuiteRunner.runTest(SuiteRunner.java:455)
	at org.testng.SuiteRunner.runSequentially(SuiteRunner.java:450)
	at org.testng.SuiteRunner.privateRun(SuiteRunner.java:415)
	at org.testng.SuiteRunner.run(SuiteRunner.java:364)
	at org.testng.SuiteRunnerWorker.runSuite(SuiteRunnerWorker.java:52)
	at org.testng.SuiteRunnerWorker.run(SuiteRunnerWorker.java:84)
	at org.testng.TestNG.runSuitesSequentially(TestNG.java:1208)
	at org.testng.TestNG.runSuitesLocally(TestNG.java:1137)
	at org.testng.TestNG.runSuites(TestNG.java:1049)
	at org.testng.TestNG.run(TestNG.java:1017)
	at org.testng.remote.AbstractRemoteTestNG.run(AbstractRemoteTestNG.java:114)
	at org.testng.remote.RemoteTestNG.initAndRun(RemoteTestNG.java:251)
	at org.testng.remote.RemoteTestNG.main(RemoteTestNG.java:77)
</pre></div></td>
<td>1</td>
<td>com.Catalog.qa.testcases.LoginTestcase@71bbf57e</td></tr>
<tr>
<td title='com.Catalog.qa.testcases.LoginTestcase.testcase01()'><b>testcase01</b><br>Test class: com.Catalog.qa.testcases.LoginTestcase<br>Parameters: ecalix@, test123</td>
<td><div><pre>java.lang.AssertionError: expected [Welcome, Please Sign In] but found [Welcome to iBusiness]
	at com.Catalog.qa.pages.Homepage.verifyHeader(Homepage.java:51)
	at com.Catalog.qa.testcases.LoginTestcase.testcase01(LoginTestcase.java:48)
... Removed 31 stack frames</pre></div><a href='#' onClick='toggleBox("stack-trace1334405552", this, "Click to show all stack frames", "Click to hide stack frames")'>Click to show all stack frames</a>
<div class='stack-trace' id='stack-trace1334405552'><pre>java.lang.AssertionError: expected [Welcome, Please Sign In] but found [Welcome to iBusiness]
	at org.testng.Assert.fail(Assert.java:96)
	at org.testng.Assert.failNotEquals(Assert.java:776)
	at org.testng.Assert.assertEqualsImpl(Assert.java:137)
	at org.testng.Assert.assertEquals(Assert.java:118)
	at org.testng.Assert.assertEquals(Assert.java:453)
	at org.testng.Assert.assertEquals(Assert.java:463)
	at com.Catalog.qa.pages.Homepage.verifyHeader(Homepage.java:51)
	at com.Catalog.qa.testcases.LoginTestcase.testcase01(LoginTestcase.java:48)
	at sun.reflect.NativeMethodAccessorImpl.invoke0(Native Method)
	at sun.reflect.NativeMethodAccessorImpl.invoke(NativeMethodAccessorImpl.java:62)
	at sun.reflect.DelegatingMethodAccessorImpl.invoke(DelegatingMethodAccessorImpl.java:43)
	at java.lang.reflect.Method.invoke(Method.java:498)
	at org.testng.internal.MethodInvocationHelper.invokeMethod(MethodInvocationHelper.java:124)
	at org.testng.internal.Invoker.invokeMethod(Invoker.java:580)
	at org.testng.internal.Invoker.invokeTestMethod(Invoker.java:716)
	at org.testng.internal.Invoker.invokeTestMethods(Invoker.java:988)
	at org.testng.internal.TestMethodWorker.invokeTestMethods(TestMethodWorker.java:125)
	at org.testng.internal.TestMethodWorker.run(TestMethodWorker.java:109)
	at org.testng.TestRunner.privateRun(TestRunner.java:648)
	at org.testng.TestRunner.run(TestRunner.java:505)
	at org.testng.SuiteRunner.runTest(SuiteRunner.java:455)
	at org.testng.SuiteRunner.runSequentially(SuiteRunner.java:450)
	at org.testng.SuiteRunner.privateRun(SuiteRunner.java:415)
	at org.testng.SuiteRunner.run(SuiteRunner.java:364)
	at org.testng.SuiteRunnerWorker.runSuite(SuiteRunnerWorker.java:52)
	at org.testng.SuiteRunnerWorker.run(SuiteRunnerWorker.java:84)
	at org.testng.TestNG.runSuitesSequentially(TestNG.java:1208)
	at org.testng.TestNG.runSuitesLocally(TestNG.java:1137)
	at org.testng.TestNG.runSuites(TestNG.java:1049)
	at org.testng.TestNG.run(TestNG.java:1017)
	at org.testng.remote.AbstractRemoteTestNG.run(AbstractRemoteTestNG.java:114)
	at org.testng.remote.RemoteTestNG.initAndRun(RemoteTestNG.java:251)
	at org.testng.remote.RemoteTestNG.main(RemoteTestNG.java:77)
</pre></div></td>
<td>1</td>
<td>com.Catalog.qa.testcases.LoginTestcase@71bbf57e</td></tr>
<tr>
<td title='com.Catalog.qa.testcases.LoginTestcase.testcase11()'><b>testcase11</b><br>Test class: com.Catalog.qa.testcases.LoginTestcase</td>
<td><div><pre>java.lang.AssertionError: expected [] but found [Oscommerce]
	at com.Catalog.qa.pages.CheckHomepage.verifylogo(CheckHomepage.java:78)
	at com.Catalog.qa.testcases.LoginTestcase.testcase11(LoginTestcase.java:153)
... Removed 31 stack frames</pre></div><a href='#' onClick='toggleBox("stack-trace1210471159", this, "Click to show all stack frames", "Click to hide stack frames")'>Click to show all stack frames</a>
<div class='stack-trace' id='stack-trace1210471159'><pre>java.lang.AssertionError: expected [] but found [Oscommerce]
	at org.testng.Assert.fail(Assert.java:96)
	at org.testng.Assert.failNotEquals(Assert.java:776)
	at org.testng.Assert.assertEqualsImpl(Assert.java:137)
	at org.testng.Assert.assertEquals(Assert.java:118)
	at org.testng.Assert.assertEquals(Assert.java:453)
	at org.testng.Assert.assertEquals(Assert.java:463)
	at com.Catalog.qa.pages.CheckHomepage.verifylogo(CheckHomepage.java:78)
	at com.Catalog.qa.testcases.LoginTestcase.testcase11(LoginTestcase.java:153)
	at sun.reflect.NativeMethodAccessorImpl.invoke0(Native Method)
	at sun.reflect.NativeMethodAccessorImpl.invoke(NativeMethodAccessorImpl.java:62)
	at sun.reflect.DelegatingMethodAccessorImpl.invoke(DelegatingMethodAccessorImpl.java:43)
	at java.lang.reflect.Method.invoke(Method.java:498)
	at org.testng.internal.MethodInvocationHelper.invokeMethod(MethodInvocationHelper.java:124)
	at org.testng.internal.Invoker.invokeMethod(Invoker.java:580)
	at org.testng.internal.Invoker.invokeTestMethod(Invoker.java:716)
	at org.testng.internal.Invoker.invokeTestMethods(Invoker.java:988)
	at org.testng.internal.TestMethodWorker.invokeTestMethods(TestMethodWorker.java:125)
	at org.testng.internal.TestMethodWorker.run(TestMethodWorker.java:109)
	at org.testng.TestRunner.privateRun(TestRunner.java:648)
	at org.testng.TestRunner.run(TestRunner.java:505)
	at org.testng.SuiteRunner.runTest(SuiteRunner.java:455)
	at org.testng.SuiteRunner.runSequentially(SuiteRunner.java:450)
	at org.testng.SuiteRunner.privateRun(SuiteRunner.java:415)
	at org.testng.SuiteRunner.run(SuiteRunner.java:364)
	at org.testng.SuiteRunnerWorker.runSuite(SuiteRunnerWorker.java:52)
	at org.testng.SuiteRunnerWorker.run(SuiteRunnerWorker.java:84)
	at org.testng.TestNG.runSuitesSequentially(TestNG.java:1208)
	at org.testng.TestNG.runSuitesLocally(TestNG.java:1137)
	at org.testng.TestNG.runSuites(TestNG.java:1049)
	at org.testng.TestNG.run(TestNG.java:1017)
	at org.testng.remote.AbstractRemoteTestNG.run(AbstractRemoteTestNG.java:114)
	at org.testng.remote.RemoteTestNG.initAndRun(RemoteTestNG.java:251)
	at org.testng.remote.RemoteTestNG.main(RemoteTestNG.java:77)
</pre></div></td>
<td>0</td>
<td>com.Catalog.qa.testcases.LoginTestcase@71bbf57e</td></tr>
</table><p>
<table width='100%' border='1' class='invocation-passed'>
<tr><td colspan='4' align='center'><b>PASSED TESTS</b></td></tr>
<tr><td><b>Test method</b></td>
<td width="30%"><b>Exception</b></td>
<td width="10%"><b>Time (seconds)</b></td>
<td><b>Instance</b></td>
</tr>
<tr>
<td title='com.Catalog.qa.testcases.LoginTestcase.testcase01()'><b>testcase01</b><br>Test class: com.Catalog.qa.testcases.LoginTestcase<br>Parameters: ecalix@test.com, test123</td>
<td></td>
<td>1</td>
<td>com.Catalog.qa.testcases.LoginTestcase@71bbf57e</td></tr>
<tr>
<td title='com.Catalog.qa.testcases.LoginTestcase.testcase02()'><b>testcase02</b><br>Test class: com.Catalog.qa.testcases.LoginTestcase<br>Parameters: female, rajee, velu, 23-Dec-2018, velu@test.com, string, 94568.0, dublin, CA, USA, 000-000-0000, 1.23456789E9, test123, test123</td>
<td></td>
<td>2</td>
<td>com.Catalog.qa.testcases.LoginTestcase@71bbf57e</td></tr>
<tr>
<td title='com.Catalog.qa.testcases.LoginTestcase.testcase02()'><b>testcase02</b><br>Test class: com.Catalog.qa.testcases.LoginTestcase<br>Parameters: male, velu, rajee, 11-Nov-2018, rajee@test.com, scottt, 95014.0, cupertino, ca, USA, 111-111-1111, 1.023456778E9, xyz123, xyz123</td>
<td></td>
<td>2</td>
<td>com.Catalog.qa.testcases.LoginTestcase@71bbf57e</td></tr>
<tr>
<td title='com.Catalog.qa.testcases.LoginTestcase.testcase02()'><b>testcase02</b><br>Test class: com.Catalog.qa.testcases.LoginTestcase<br>Parameters: female, rajee, velu, 13-Dec-2018, velu@test.com, string, 94568.0, dublin, ca, usa, 000-000-0000, 1.23456789E9, test123, test1234</td>
<td></td>
<td>2</td>
<td>com.Catalog.qa.testcases.LoginTestcase@71bbf57e</td></tr>
<tr>
<td title='com.Catalog.qa.testcases.LoginTestcase.testcase02()'><b>testcase02</b><br>Test class: com.Catalog.qa.testcases.LoginTestcase<br>Parameters: female, rajee, velu, 13-Dec-2018, velu@test.com, string, 94568.0, dublin, ca, usa, 000-000-0000, 1.23456789E9, _, _</td>
<td></td>
<td>2</td>
<td>com.Catalog.qa.testcases.LoginTestcase@71bbf57e</td></tr>
<tr>
<td title='com.Catalog.qa.testcases.LoginTestcase.testcase02()'><b>testcase02</b><br>Test class: com.Catalog.qa.testcases.LoginTestcase<br>Parameters: female, rajee, velu, 13-Dec-2018, velu@test.com, string, 94568.0, dublin, ca, usa, 000-000-0000, _, _, _</td>
<td></td>
<td>2</td>
<td>com.Catalog.qa.testcases.LoginTestcase@71bbf57e</td></tr>
<tr>
<td title='com.Catalog.qa.testcases.LoginTestcase.testcase02()'><b>testcase02</b><br>Test class: com.Catalog.qa.testcases.LoginTestcase<br>Parameters: female, rajee, velu, 13-Dec-2018, velu@test.com, string, 94568.0, dublin, ca, usa, _, _, _, _</td>
<td></td>
<td>2</td>
<td>com.Catalog.qa.testcases.LoginTestcase@71bbf57e</td></tr>
<tr>
<td title='com.Catalog.qa.testcases.LoginTestcase.testcase02()'><b>testcase02</b><br>Test class: com.Catalog.qa.testcases.LoginTestcase<br>Parameters: female, rajee, velu, 13-Dec-2018, velu@test.com, string, 94568.0, dublin, ca, usa, _, _, _, _</td>
<td></td>
<td>2</td>
<td>com.Catalog.qa.testcases.LoginTestcase@71bbf57e</td></tr>
<tr>
<td title='com.Catalog.qa.testcases.LoginTestcase.testcase02()'><b>testcase02</b><br>Test class: com.Catalog.qa.testcases.LoginTestcase<br>Parameters: female, rajee, velu, 13-Dec-2018, velu@test.com, string, 94568.0, dublin, _, _, _, _, _, _</td>
<td></td>
<td>2</td>
<td>com.Catalog.qa.testcases.LoginTestcase@71bbf57e</td></tr>
<tr>
<td title='com.Catalog.qa.testcases.LoginTestcase.testcase02()'><b>testcase02</b><br>Test class: com.Catalog.qa.testcases.LoginTestcase<br>Parameters: female, rajee, velu, 13-Dec-2018, velu@test.com, string, 94568.0, _, _, _, _, _, _, _</td>
<td></td>
<td>2</td>
<td>com.Catalog.qa.testcases.LoginTestcase@71bbf57e</td></tr>
<tr>
<td title='com.Catalog.qa.testcases.LoginTestcase.testcase02()'><b>testcase02</b><br>Test class: com.Catalog.qa.testcases.LoginTestcase<br>Parameters: female, rajee, velu, 13-Dec-2018, velu@test.com, string, _, _, _, _, _, _, _, _</td>
<td></td>
<td>2</td>
<td>com.Catalog.qa.testcases.LoginTestcase@71bbf57e</td></tr>
<tr>
<td title='com.Catalog.qa.testcases.LoginTestcase.testcase02()'><b>testcase02</b><br>Test class: com.Catalog.qa.testcases.LoginTestcase<br>Parameters: female, rajee, velu, 13-Dec-2018, velu@test.com, _, _, _, _, _, _, _, _, _</td>
<td></td>
<td>2</td>
<td>com.Catalog.qa.testcases.LoginTestcase@71bbf57e</td></tr>
<tr>
<td title='com.Catalog.qa.testcases.LoginTestcase.testcase02()'><b>testcase02</b><br>Test class: com.Catalog.qa.testcases.LoginTestcase<br>Parameters: female, rajee, velu, 13-Dec-2018, _, _, _, _, _, _, _, _, _, _</td>
<td></td>
<td>2</td>
<td>com.Catalog.qa.testcases.LoginTestcase@71bbf57e</td></tr>
<tr>
<td title='com.Catalog.qa.testcases.LoginTestcase.testcase02()'><b>testcase02</b><br>Test class: com.Catalog.qa.testcases.LoginTestcase<br>Parameters: female, rajee, velu, _, _, _, _, _, _, _, _, _, _, _</td>
<td></td>
<td>2</td>
<td>com.Catalog.qa.testcases.LoginTestcase@71bbf57e</td></tr>
<tr>
<td title='com.Catalog.qa.testcases.LoginTestcase.testcase02()'><b>testcase02</b><br>Test class: com.Catalog.qa.testcases.LoginTestcase<br>Parameters: female, rajee, _, _, _, _, _, _, _, _, _, _, _, _</td>
<td></td>
<td>2</td>
<td>com.Catalog.qa.testcases.LoginTestcase@71bbf57e</td></tr>
<tr>
<td title='com.Catalog.qa.testcases.LoginTestcase.testcase02()'><b>testcase02</b><br>Test class: com.Catalog.qa.testcases.LoginTestcase<br>Parameters: female, _, _, _, _, _, _, _, _, _, _, _, _, _</td>
<td></td>
<td>2</td>
<td>com.Catalog.qa.testcases.LoginTestcase@71bbf57e</td></tr>
<tr>
<td title='com.Catalog.qa.testcases.LoginTestcase.testcase02()'><b>testcase02</b><br>Test class: com.Catalog.qa.testcases.LoginTestcase<br>Parameters: _, _, _, _, _, _, _, _, _, _, _, _, _, _</td>
<td></td>
<td>2</td>
<td>com.Catalog.qa.testcases.LoginTestcase@71bbf57e</td></tr>
<tr>
<td title='com.Catalog.qa.testcases.LoginTestcase.testcase02()'><b>testcase02</b><br>Test class: com.Catalog.qa.testcases.LoginTestcase<br>Parameters: female, _, _, _, _, _, _, _, _, _, _, _, _, _</td>
<td></td>
<td>2</td>
<td>com.Catalog.qa.testcases.LoginTestcase@71bbf57e</td></tr>
<tr>
<td title='com.Catalog.qa.testcases.LoginTestcase.testcase02()'><b>testcase02</b><br>Test class: com.Catalog.qa.testcases.LoginTestcase<br>Parameters: _, rajee, _, _, _, _, _, _, _, _, _, _, _, _</td>
<td></td>
<td>1</td>
<td>com.Catalog.qa.testcases.LoginTestcase@71bbf57e</td></tr>
<tr>
<td title='com.Catalog.qa.testcases.LoginTestcase.testcase02()'><b>testcase02</b><br>Test class: com.Catalog.qa.testcases.LoginTestcase<br>Parameters: _, _, velu, _, _, _, _, _, _, _, _, _, _, _</td>
<td></td>
<td>2</td>
<td>com.Catalog.qa.testcases.LoginTestcase@71bbf57e</td></tr>
<tr>
<td title='com.Catalog.qa.testcases.LoginTestcase.testcase02()'><b>testcase02</b><br>Test class: com.Catalog.qa.testcases.LoginTestcase<br>Parameters: _, _, _, 13-Dec-2018, _, _, _, _, _, _, _, _, _, _</td>
<td></td>
<td>2</td>
<td>com.Catalog.qa.testcases.LoginTestcase@71bbf57e</td></tr>
<tr>
<td title='com.Catalog.qa.testcases.LoginTestcase.testcase02()'><b>testcase02</b><br>Test class: com.Catalog.qa.testcases.LoginTestcase<br>Parameters: _, _, _, _, velu@test.com, _, _, _, _, _, _, _, _, _</td>
<td></td>
<td>2</td>
<td>com.Catalog.qa.testcases.LoginTestcase@71bbf57e</td></tr>
<tr>
<td title='com.Catalog.qa.testcases.LoginTestcase.testcase02()'><b>testcase02</b><br>Test class: com.Catalog.qa.testcases.LoginTestcase<br>Parameters: _, _, _, _, _, string, _, _, _, _, _, _, _, _</td>
<td></td>
<td>1</td>
<td>com.Catalog.qa.testcases.LoginTestcase@71bbf57e</td></tr>
<tr>
<td title='com.Catalog.qa.testcases.LoginTestcase.testcase02()'><b>testcase02</b><br>Test class: com.Catalog.qa.testcases.LoginTestcase<br>Parameters: _, _, _, _, _, _, 94568.0, _, _, _, _, _, _, _</td>
<td></td>
<td>2</td>
<td>com.Catalog.qa.testcases.LoginTestcase@71bbf57e</td></tr>
<tr>
<td title='com.Catalog.qa.testcases.LoginTestcase.testcase02()'><b>testcase02</b><br>Test class: com.Catalog.qa.testcases.LoginTestcase<br>Parameters: _, _, _, _, _, _, _, dublin, _, _, _, _, _, _</td>
<td></td>
<td>2</td>
<td>com.Catalog.qa.testcases.LoginTestcase@71bbf57e</td></tr>
<tr>
<td title='com.Catalog.qa.testcases.LoginTestcase.testcase02()'><b>testcase02</b><br>Test class: com.Catalog.qa.testcases.LoginTestcase<br>Parameters: _, _, _, _, _, _, _, _, ca, _, _, _, _, _</td>
<td></td>
<td>2</td>
<td>com.Catalog.qa.testcases.LoginTestcase@71bbf57e</td></tr>
<tr>
<td title='com.Catalog.qa.testcases.LoginTestcase.testcase02()'><b>testcase02</b><br>Test class: com.Catalog.qa.testcases.LoginTestcase<br>Parameters: _, _, _, _, _, _, _, _, _, usa, _, _, _, _</td>
<td></td>
<td>2</td>
<td>com.Catalog.qa.testcases.LoginTestcase@71bbf57e</td></tr>
<tr>
<td title='com.Catalog.qa.testcases.LoginTestcase.testcase02()'><b>testcase02</b><br>Test class: com.Catalog.qa.testcases.LoginTestcase<br>Parameters: _, _, _, _, _, _, _, _, _, _, 000-000-0000, _, _, _</td>
<td></td>
<td>2</td>
<td>com.Catalog.qa.testcases.LoginTestcase@71bbf57e</td></tr>
<tr>
<td title='com.Catalog.qa.testcases.LoginTestcase.testcase02()'><b>testcase02</b><br>Test class: com.Catalog.qa.testcases.LoginTestcase<br>Parameters: _, _, _, _, _, _, _, _, _, _, _, 1.23456789E9, _, _</td>
<td></td>
<td>1</td>
<td>com.Catalog.qa.testcases.LoginTestcase@71bbf57e</td></tr>
<tr>
<td title='com.Catalog.qa.testcases.LoginTestcase.testcase02()'><b>testcase02</b><br>Test class: com.Catalog.qa.testcases.LoginTestcase<br>Parameters: _, _, _, _, _, _, _, _, _, _, _, _, test123, _</td>
<td></td>
<td>2</td>
<td>com.Catalog.qa.testcases.LoginTestcase@71bbf57e</td></tr>
<tr>
<td title='com.Catalog.qa.testcases.LoginTestcase.testcase02()'><b>testcase02</b><br>Test class: com.Catalog.qa.testcases.LoginTestcase<br>Parameters: _, _, _, _, _, _, _, _, _, _, _, _, _, test123</td>
<td></td>
<td>1</td>
<td>com.Catalog.qa.testcases.LoginTestcase@71bbf57e</td></tr>
<tr>
<td title='com.Catalog.qa.testcases.LoginTestcase.testcase03()'><b>testcase03</b><br>Test class: com.Catalog.qa.testcases.LoginTestcase</td>
<td></td>
<td>2</td>
<td>com.Catalog.qa.testcases.LoginTestcase@71bbf57e</td></tr>
<tr>
<td title='com.Catalog.qa.testcases.LoginTestcase.testcase04()'><b>testcase04</b><br>Test class: com.Catalog.qa.testcases.LoginTestcase</td>
<td></td>
<td>1</td>
<td>com.Catalog.qa.testcases.LoginTestcase@71bbf57e</td></tr>
<tr>
<td title='com.Catalog.qa.testcases.LoginTestcase.testcase05()'><b>testcase05</b><br>Test class: com.Catalog.qa.testcases.LoginTestcase</td>
<td></td>
<td>1</td>
<td>com.Catalog.qa.testcases.LoginTestcase@71bbf57e</td></tr>
<tr>
<td title='com.Catalog.qa.testcases.LoginTestcase.testcase06()'><b>testcase06</b><br>Test class: com.Catalog.qa.testcases.LoginTestcase</td>
<td></td>
<td>1</td>
<td>com.Catalog.qa.testcases.LoginTestcase@71bbf57e</td></tr>
<tr>
<td title='com.Catalog.qa.testcases.LoginTestcase.testcase07()'><b>testcase07</b><br>Test class: com.Catalog.qa.testcases.LoginTestcase</td>
<td></td>
<td>1</td>
<td>com.Catalog.qa.testcases.LoginTestcase@71bbf57e</td></tr>
<tr>
<td title='com.Catalog.qa.testcases.LoginTestcase.testcase08()'><b>testcase08</b><br>Test class: com.Catalog.qa.testcases.LoginTestcase</td>
<td></td>
<td>1</td>
<td>com.Catalog.qa.testcases.LoginTestcase@71bbf57e</td></tr>
<tr>
<td title='com.Catalog.qa.testcases.LoginTestcase.testcase09()'><b>testcase09</b><br>Test class: com.Catalog.qa.testcases.LoginTestcase</td>
<td></td>
<td>1</td>
<td>com.Catalog.qa.testcases.LoginTestcase@71bbf57e</td></tr>
<tr>
<td title='com.Catalog.qa.testcases.LoginTestcase.testcase10()'><b>testcase10</b><br>Test class: com.Catalog.qa.testcases.LoginTestcase</td>
<td></td>
<td>1</td>
<td>com.Catalog.qa.testcases.LoginTestcase@71bbf57e</td></tr>
<tr>
<td title='com.Catalog.qa.testcases.LoginTestcase.testcase12()'><b>testcase12</b><br>Test class: com.Catalog.qa.testcases.LoginTestcase</td>
<td></td>
<td>1</td>
<td>com.Catalog.qa.testcases.LoginTestcase@71bbf57e</td></tr>
<tr>
<td title='com.Catalog.qa.testcases.LoginTestcase.testcase13()'><b>testcase13</b><br>Test class: com.Catalog.qa.testcases.LoginTestcase</td>
<td></td>
<td>2</td>
<td>com.Catalog.qa.testcases.LoginTestcase@71bbf57e</td></tr>
</table><p>
</body>
</html>